<?xml version="1.0" encoding="UTF-8"?>
<!-- Generated by org.testng.reporters.JUnitReportReporter -->
<testsuite hostname="Katya-HP" failures="0" tests="1" name="com.herokuapp.theinternet.ExceptionsTest" time="8.700" errors="0" timestamp="19 Jul 2019 17:16:01 GMT" skipped="0">
  <testcase classname="com.herokuapp.theinternet.ExceptionsTest" name="disabledElementTest" time="8.700"/>
</testsuite> <!-- com.herokuapp.theinternet.ExceptionsTest -->
