<?xml version="1.0" encoding="UTF-8"?>
<!-- Generated by org.testng.reporters.JUnitReportReporter -->
<testsuite hostname="Katya-HP" failures="0" tests="1" name="com.herokuapp.theinternet.PositiveTests" time="7.561" errors="0" timestamp="03 Jul 2019 19:19:47 GMT" skipped="0">
  <testcase classname="com.herokuapp.theinternet.PositiveTests" name="loginTest" time="7.561"/>
</testsuite> <!-- com.herokuapp.theinternet.PositiveTests -->
