<?xml version="1.0" encoding="UTF-8"?>
<!-- Generated by org.testng.reporters.JUnitReportReporter -->
<testsuite hostname="Katya-HP" failures="0" tests="1" name="com.herokuapp.theinternet.LoginTests" time="9.502" errors="0" timestamp="17 Jul 2019 13:42:42 GMT" skipped="0">
  <testcase classname="com.herokuapp.theinternet.LoginTests" name="positiveLoginTest" time="9.502"/>
</testsuite> <!-- com.herokuapp.theinternet.LoginTests -->
