<?xml version="1.0" encoding="UTF-8"?>
<!-- Generated by org.testng.reporters.JUnitReportReporter -->
<testsuite hostname="Katya-HP" failures="0" tests="4" name="com.herokuapp.theinternet.NegativeTests" time="38.894" errors="0" timestamp="08 Jul 2019 17:39:25 GMT" skipped="0">
  <testcase classname="com.herokuapp.theinternet.NegativeTests" name="negativeLoginTest" time="12.388"/>
  <testcase classname="com.herokuapp.theinternet.NegativeTests" name="negativeLoginTest" time="9.393"/>
  <testcase classname="com.herokuapp.theinternet.NegativeTests" name="negativeLoginTest" time="9.395"/>
  <testcase classname="com.herokuapp.theinternet.NegativeTests" name="negativeLoginTest" time="7.718"/>
</testsuite> <!-- com.herokuapp.theinternet.NegativeTests -->
