<?xml version="1.0" encoding="UTF-8"?>
<!-- Generated by org.testng.reporters.JUnitReportReporter -->
<testsuite hostname="Katya-HP" failures="0" tests="2" name="com.herokuapp.theinternet.NegativeTests" time="52.325" errors="0" timestamp="03 Jul 2019 19:15:55 GMT" skipped="0">
  <testcase classname="com.herokuapp.theinternet.NegativeTests" name="negativeUsername" time="44.223"/>
  <testcase classname="com.herokuapp.theinternet.NegativeTests" name="incorrectPassword" time="8.102"/>
</testsuite> <!-- com.herokuapp.theinternet.NegativeTests -->
